<?xml version="1.0" encoding="UTF-8"?>
<!-- Generated by org.testng.reporters.JUnitReportReporter -->
<testsuite skipped="0" hostname="Betuls-Air.attlocal.net" name="com.TakeScreen.BrokenLinks" tests="1" failures="0" timestamp="04 Jun 2019 03:33:28 GMT" time="6.958" errors="0">
  <testcase name="brokenLinks" time="6.958" classname="com.TakeScreen.BrokenLinks"/>
</testsuite> <!-- com.TakeScreen.BrokenLinks -->
