<?xml version="1.0" encoding="UTF-8"?>
<!-- Generated by org.testng.reporters.JUnitReportReporter -->
<testsuite skipped="1" hostname="MacBook-Air.attlocal.net" name="com.TakeScreen.Task" tests="3" failures="0" timestamp="06 Jun 2019 17:20:35 GMT" time="2.570" errors="0">
  <testcase name="login" time="0.931" classname="com.TakeScreen.Task"/>
  <testcase name="EmployeeDetails" time="1.639" classname="com.TakeScreen.Task"/>
  <testcase name="AddEmployee" classname="com.TakeScreen.Task">
    <skipped/>
  </testcase> <!-- AddEmployee -->
</testsuite> <!-- com.TakeScreen.Task -->
